<?xml version="1.0" encoding="UTF-8"?>
<!-- Generated by org.testng.reporters.JUnitReportReporter -->
<testsuite hostname="RAVINGUP-LAP" failures="0" tests="1" name="edurekaproject.FirstClass" time="5.737" errors="0" timestamp="30 Oct 2019 14:53:42 GMT" skipped="0">
  <testcase classname="edurekaproject.FirstClass" name="f" time="5.737"/>
</testsuite> <!-- edurekaproject.FirstClass -->
